<!DOCTYPE html PUBLIC "-//W3C//DTD XHTML 1.1//EN" "https://www.w3.org/TR/xhtml11/DTD/xhtml11.dtd">
<html xmlns="https://www.w3.org/1999/xhtml">
<head>
    <meta charset='utf-8'>
    <title>TestNG Report</title>
    <style type="text/css">
table {margin-bottom:10px;border-collapse:collapse;empty-cells:show}
td,th {border:1px solid #009;padding:.25em .5em}
.result th {vertical-align:bottom}
.param th {padding-left:1em;padding-right:1em}
.param td {padding-left:.5em;padding-right:2em}
.stripe td,.stripe th {background-color: #E6EBF9}
.numi,.numi_attn {text-align:right}
.total td {font-weight:bold}
.passedodd td {background-color: #0A0}
.passedeven td {background-color: #3F3}
.skippedodd td {background-color: #CCC}
.skippedodd td {background-color: #DDD}
.failedodd td,.numi_attn {background-color: #F33}
.failedeven td,.stripe .numi_attn {background-color: #D00}
.stacktrace {white-space:pre;font-family:monospace}
.totop {font-size:85%;text-align:center;border-bottom:2px solid #000}

    </style>
</head>
<body>
<table cellspacing="0" cellpadding="0" class="testOverview">
    <tr>
        <th>Test</th>
        <th>Methods<br/>Passed</th>
        <th>Scenarios<br/>Passed</th>
        <th># skipped</th>
        <th># failed</th>
        <th>Total<br/>Time</th>
        <th>Included<br/>Groups</th>
        <th>Excluded<br/>Groups</th>
    </tr>
    <tr>
        <td style="text-align:left;padding-right:2em"><a href="#t1">C:/Users/sidgo/IdeaProjects/Testng2</a></td>
        <td class="numi">1</td>
        <td class="numi">1</td>
        <td class="numi">0</td>
        <td class="numi_attn">5</td>
        <td class="numi">4.3 seconds</td>
        <td class="numi"></td>
        <td class="numi"></td>
    </tr>
</table>
<table cellspacing="0" cellpadding="0" class="methodOverview" id="summary">
    <tr>
        <th>Class</th>
        <th>Method</th>
        <th># of<br/>Scenarios</th>
        <th>Start</th>
        <th>Time<br/>(ms)</th>
    </tr>
    <tr id="t1">
        <th colspan="5">C:/Users/sidgo/IdeaProjects/Testng2 &#8212; failed</th>
    </tr>
    <tr class="failedodd">
        <td rowspan="5">Shopping1</td>
        <td><a href="#m1"><b>checkout1</b> </a></td>
        <td class="numi">1</td>
        <td>1683326855239</td>
        <td class="numi">90</td>
    </tr>
    <tr class="failedodd">
        <td><a href="#m2"><b>conform</b> </a></td>
        <td class="numi">1</td>
        <td>1683326855392</td>
        <td class="numi">14</td>
    </tr>
    <tr class="failedodd">
        <td><a href="#m3"><b>myShopping</b> </a></td>
        <td class="numi">1</td>
        <td>1683326854279</td>
        <td class="numi">933</td>
    </tr>
    <tr class="failedodd">
        <td><a href="#m4"><b>checkout2</b> </a></td>
        <td class="numi">1</td>
        <td>1683326855330</td>
        <td class="numi">61</td>
    </tr>
    <tr class="failedodd">
        <td><a href="#m5"><b>checkout</b> </a></td>
        <td class="numi">1</td>
        <td>1683326855220</td>
        <td class="numi">18</td>
    </tr>
    <tr>
        <th colspan="5">C:/Users/sidgo/IdeaProjects/Testng2 &#8212; passed</th>
    </tr>
    <tr class="passedodd">
        <td>Shopping1</td>
        <td><a href="#m6"><b>closeBrowser</b> </a></td>
        <td class="numi">1</td>
        <td>1683326855408</td>
        <td class="numi">97</td>
    </tr>
</table>
<h1>C:/Users/sidgo/IdeaProjects/Testng2</h1>
<h2 id="m1">Shopping1:checkout1</h2>
<div>
    <div class="stacktrace">org.openqa.selenium.NoSuchElementException: no such element: Unable to locate element: {&quot;method&quot;:&quot;css
        selector&quot;,&quot;selector&quot;:&quot;.step\-title\ &quot;}
        (Session info: chrome=113.0.5672.63)
        For documentation on this error, please visit: https://www.seleniumhq.org/exceptions/no_such_element.html
        Build info: version: &apos;3.141.59&apos;, revision: &apos;e82be7d358&apos;, time: &apos;2018-11-14T08:17:03&apos;
        System info: host: &apos;DESKTOP-CU7PS4P&apos;, ip: &apos;192.168.0.86&apos;, os.name: &apos;Windows 11&apos;,
        os.arch: &apos;amd64&apos;, os.version: &apos;10.0&apos;, java.version: &apos;1.8.0_361&apos;
        Driver info: org.openqa.selenium.chrome.ChromeDriver
        Capabilities {acceptInsecureCerts: false, browserName: chrome, browserVersion: 113.0.5672.63, chrome:
        {chromedriverVersion: 113.0.5672.63 (0e1a4471d5ae..., userDataDir: C:\Users\sidgo\AppData\Loca...},
        goog:chromeOptions: {debuggerAddress: localhost:61515}, javascriptEnabled: true, networkConnectionEnabled:
        false, pageLoadStrategy: normal, platform: WINDOWS, platformName: WINDOWS, proxy: Proxy(), setWindowRect: true,
        strictFileInteractability: false, timeouts: {implicit: 0, pageLoad: 300000, script: 30000},
        unhandledPromptBehavior: dismiss and notify, webauthn:extension:credBlob: true, webauthn:extension:largeBlob:
        true, webauthn:extension:minPinLength: true, webauthn:extension:prf: true, webauthn:virtualAuthenticators: true}
        Session ID: ae76e3c943a667cebb4ed70ee5c2efd6
        *** Element info: {Using=class name, value=step-title }
        at sun.reflect.NativeConstructorAccessorImpl.newInstance0(Native Method)
        at sun.reflect.NativeConstructorAccessorImpl.newInstance(NativeConstructorAccessorImpl.java:62)
        at sun.reflect.DelegatingConstructorAccessorImpl.newInstance(DelegatingConstructorAccessorImpl.java:45)
        at java.lang.reflect.Constructor.newInstance(Constructor.java:423)
        at org.openqa.selenium.remote.http.W3CHttpResponseCodec.createException(W3CHttpResponseCodec.java:187)
        at org.openqa.selenium.remote.http.W3CHttpResponseCodec.decode(W3CHttpResponseCodec.java:122)
        at org.openqa.selenium.remote.http.W3CHttpResponseCodec.decode(W3CHttpResponseCodec.java:49)
        at org.openqa.selenium.remote.HttpCommandExecutor.execute(HttpCommandExecutor.java:158)
        at org.openqa.selenium.remote.service.DriverCommandExecutor.execute(DriverCommandExecutor.java:83)
        at org.openqa.selenium.remote.RemoteWebDriver.execute(RemoteWebDriver.java:552)
        at org.openqa.selenium.remote.RemoteWebDriver.findElement(RemoteWebDriver.java:323)
        at org.openqa.selenium.remote.RemoteWebDriver.findElementByClassName(RemoteWebDriver.java:412)
        at org.openqa.selenium.By$ByClassName.findElement(By.java:389)
        at org.openqa.selenium.remote.RemoteWebDriver.findElement(RemoteWebDriver.java:315)
        at Shopping1.checkout1(Shopping1.java:55)
        at sun.reflect.NativeMethodAccessorImpl.invoke0(Native Method)
        at sun.reflect.NativeMethodAccessorImpl.invoke(NativeMethodAccessorImpl.java:62)
        at sun.reflect.DelegatingMethodAccessorImpl.invoke(DelegatingMethodAccessorImpl.java:43)
        at java.lang.reflect.Method.invoke(Method.java:498)
        at org.testng.internal.MethodInvocationHelper.invokeMethod(MethodInvocationHelper.java:133)
        at org.testng.internal.TestInvoker.invokeMethod(TestInvoker.java:598)
        at org.testng.internal.TestInvoker.invokeTestMethod(TestInvoker.java:173)
        at org.testng.internal.MethodRunner.runInSequence(MethodRunner.java:46)
        at org.testng.internal.TestInvoker$MethodInvocationAgent.invoke(TestInvoker.java:824)
        at org.testng.internal.TestInvoker.invokeTestMethods(TestInvoker.java:146)
        at org.testng.internal.TestMethodWorker.invokeTestMethods(TestMethodWorker.java:146)
        at org.testng.internal.TestMethodWorker.run(TestMethodWorker.java:128)
        at java.util.ArrayList.forEach(ArrayList.java:1259)
        at org.testng.TestRunner.privateRun(TestRunner.java:794)
        at org.testng.TestRunner.run(TestRunner.java:596)
        at org.testng.SuiteRunner.runTest(SuiteRunner.java:377)
        at org.testng.SuiteRunner.runSequentially(SuiteRunner.java:371)
        at org.testng.SuiteRunner.privateRun(SuiteRunner.java:332)
        at org.testng.SuiteRunner.run(SuiteRunner.java:276)
        at org.testng.SuiteRunnerWorker.runSuite(SuiteRunnerWorker.java:53)
        at org.testng.SuiteRunnerWorker.run(SuiteRunnerWorker.java:96)
        at org.testng.TestNG.runSuitesSequentially(TestNG.java:1212)
        at org.testng.TestNG.runSuitesLocally(TestNG.java:1134)
        at org.testng.TestNG.runSuites(TestNG.java:1063)
        at org.testng.TestNG.run(TestNG.java:1031)
        at com.intellij.rt.testng.IDEARemoteTestNG.run(IDEARemoteTestNG.java:66)
        at com.intellij.rt.testng.RemoteTestNGStarter.main(RemoteTestNGStarter.java:105)
    </div>
</div>
<p class="totop"><a href="#summary">back to summary</a></p>
<h2 id="m2">Shopping1:conform</h2>
<div>
    <div class="stacktrace">org.openqa.selenium.NoSuchElementException: no such element: Unable to locate element: {&quot;method&quot;:&quot;xpath&quot;,&quot;selector&quot;:&quot;/html/body/div[6]/div[3]/div/div/div/div[2]/div/div[1]/strong/html/body/div[6]/div[3]/div/div
        /div/div[1]/h1 &quot;}
        (Session info: chrome=113.0.5672.63)
        For documentation on this error, please visit: https://www.seleniumhq.org/exceptions/no_such_element.html
        Build info: version: &apos;3.141.59&apos;, revision: &apos;e82be7d358&apos;, time: &apos;2018-11-14T08:17:03&apos;
        System info: host: &apos;DESKTOP-CU7PS4P&apos;, ip: &apos;192.168.0.86&apos;, os.name: &apos;Windows 11&apos;,
        os.arch: &apos;amd64&apos;, os.version: &apos;10.0&apos;, java.version: &apos;1.8.0_361&apos;
        Driver info: org.openqa.selenium.chrome.ChromeDriver
        Capabilities {acceptInsecureCerts: false, browserName: chrome, browserVersion: 113.0.5672.63, chrome:
        {chromedriverVersion: 113.0.5672.63 (0e1a4471d5ae..., userDataDir: C:\Users\sidgo\AppData\Loca...},
        goog:chromeOptions: {debuggerAddress: localhost:61515}, javascriptEnabled: true, networkConnectionEnabled:
        false, pageLoadStrategy: normal, platform: WINDOWS, platformName: WINDOWS, proxy: Proxy(), setWindowRect: true,
        strictFileInteractability: false, timeouts: {implicit: 0, pageLoad: 300000, script: 30000},
        unhandledPromptBehavior: dismiss and notify, webauthn:extension:credBlob: true, webauthn:extension:largeBlob:
        true, webauthn:extension:minPinLength: true, webauthn:extension:prf: true, webauthn:virtualAuthenticators: true}
        Session ID: ae76e3c943a667cebb4ed70ee5c2efd6
        *** Element info: {Using=xpath,
        value=/html/body/div[6]/div[3]/div/div/div/div[2]/div/div[1]/strong/html/body/div[6]/div[3]/div/div
        /div/div[1]/h1 }
        at sun.reflect.NativeConstructorAccessorImpl.newInstance0(Native Method)
        at sun.reflect.NativeConstructorAccessorImpl.newInstance(NativeConstructorAccessorImpl.java:62)
        at sun.reflect.DelegatingConstructorAccessorImpl.newInstance(DelegatingConstructorAccessorImpl.java:45)
        at java.lang.reflect.Constructor.newInstance(Constructor.java:423)
        at org.openqa.selenium.remote.http.W3CHttpResponseCodec.createException(W3CHttpResponseCodec.java:187)
        at org.openqa.selenium.remote.http.W3CHttpResponseCodec.decode(W3CHttpResponseCodec.java:122)
        at org.openqa.selenium.remote.http.W3CHttpResponseCodec.decode(W3CHttpResponseCodec.java:49)
        at org.openqa.selenium.remote.HttpCommandExecutor.execute(HttpCommandExecutor.java:158)
        at org.openqa.selenium.remote.service.DriverCommandExecutor.execute(DriverCommandExecutor.java:83)
        at org.openqa.selenium.remote.RemoteWebDriver.execute(RemoteWebDriver.java:552)
        at org.openqa.selenium.remote.RemoteWebDriver.findElement(RemoteWebDriver.java:323)
        at org.openqa.selenium.remote.RemoteWebDriver.findElementByXPath(RemoteWebDriver.java:428)
        at org.openqa.selenium.By$ByXPath.findElement(By.java:353)
        at org.openqa.selenium.remote.RemoteWebDriver.findElement(RemoteWebDriver.java:315)
        at Shopping1.conform(Shopping1.java:94)
        at sun.reflect.NativeMethodAccessorImpl.invoke0(Native Method)
        at sun.reflect.NativeMethodAccessorImpl.invoke(NativeMethodAccessorImpl.java:62)
        at sun.reflect.DelegatingMethodAccessorImpl.invoke(DelegatingMethodAccessorImpl.java:43)
        at java.lang.reflect.Method.invoke(Method.java:498)
        at org.testng.internal.MethodInvocationHelper.invokeMethod(MethodInvocationHelper.java:133)
        at org.testng.internal.TestInvoker.invokeMethod(TestInvoker.java:598)
        at org.testng.internal.TestInvoker.invokeTestMethod(TestInvoker.java:173)
        at org.testng.internal.MethodRunner.runInSequence(MethodRunner.java:46)
        at org.testng.internal.TestInvoker$MethodInvocationAgent.invoke(TestInvoker.java:824)
        at org.testng.internal.TestInvoker.invokeTestMethods(TestInvoker.java:146)
        at org.testng.internal.TestMethodWorker.invokeTestMethods(TestMethodWorker.java:146)
        at org.testng.internal.TestMethodWorker.run(TestMethodWorker.java:128)
        at java.util.ArrayList.forEach(ArrayList.java:1259)
        at org.testng.TestRunner.privateRun(TestRunner.java:794)
        at org.testng.TestRunner.run(TestRunner.java:596)
        at org.testng.SuiteRunner.runTest(SuiteRunner.java:377)
        at org.testng.SuiteRunner.runSequentially(SuiteRunner.java:371)
        at org.testng.SuiteRunner.privateRun(SuiteRunner.java:332)
        at org.testng.SuiteRunner.run(SuiteRunner.java:276)
        at org.testng.SuiteRunnerWorker.runSuite(SuiteRunnerWorker.java:53)
        at org.testng.SuiteRunnerWorker.run(SuiteRunnerWorker.java:96)
        at org.testng.TestNG.runSuitesSequentially(TestNG.java:1212)
        at org.testng.TestNG.runSuitesLocally(TestNG.java:1134)
        at org.testng.TestNG.runSuites(TestNG.java:1063)
        at org.testng.TestNG.run(TestNG.java:1031)
        at com.intellij.rt.testng.IDEARemoteTestNG.run(IDEARemoteTestNG.java:66)
        at com.intellij.rt.testng.RemoteTestNGStarter.main(RemoteTestNGStarter.java:105)
    </div>
</div>
<p class="totop"><a href="#summary">back to summary</a></p>
<h2 id="m3">Shopping1:myShopping</h2>
<div>
    <div class="stacktrace">org.openqa.selenium.ElementNotInteractableException: element not interactable
        (Session info: chrome=113.0.5672.63)
        Build info: version: &apos;3.141.59&apos;, revision: &apos;e82be7d358&apos;, time: &apos;2018-11-14T08:17:03&apos;
        System info: host: &apos;DESKTOP-CU7PS4P&apos;, ip: &apos;192.168.0.86&apos;, os.name: &apos;Windows 11&apos;,
        os.arch: &apos;amd64&apos;, os.version: &apos;10.0&apos;, java.version: &apos;1.8.0_361&apos;
        Driver info: org.openqa.selenium.chrome.ChromeDriver
        Capabilities {acceptInsecureCerts: false, browserName: chrome, browserVersion: 113.0.5672.63, chrome:
        {chromedriverVersion: 113.0.5672.63 (0e1a4471d5ae..., userDataDir: C:\Users\sidgo\AppData\Loca...},
        goog:chromeOptions: {debuggerAddress: localhost:61515}, javascriptEnabled: true, networkConnectionEnabled:
        false, pageLoadStrategy: normal, platform: WINDOWS, platformName: WINDOWS, proxy: Proxy(), setWindowRect: true,
        strictFileInteractability: false, timeouts: {implicit: 0, pageLoad: 300000, script: 30000},
        unhandledPromptBehavior: dismiss and notify, webauthn:extension:credBlob: true, webauthn:extension:largeBlob:
        true, webauthn:extension:minPinLength: true, webauthn:extension:prf: true, webauthn:virtualAuthenticators: true}
        Session ID: ae76e3c943a667cebb4ed70ee5c2efd6
        at sun.reflect.NativeConstructorAccessorImpl.newInstance0(Native Method)
        at sun.reflect.NativeConstructorAccessorImpl.newInstance(NativeConstructorAccessorImpl.java:62)
        at sun.reflect.DelegatingConstructorAccessorImpl.newInstance(DelegatingConstructorAccessorImpl.java:45)
        at java.lang.reflect.Constructor.newInstance(Constructor.java:423)
        at org.openqa.selenium.remote.http.W3CHttpResponseCodec.createException(W3CHttpResponseCodec.java:187)
        at org.openqa.selenium.remote.http.W3CHttpResponseCodec.decode(W3CHttpResponseCodec.java:122)
        at org.openqa.selenium.remote.http.W3CHttpResponseCodec.decode(W3CHttpResponseCodec.java:49)
        at org.openqa.selenium.remote.HttpCommandExecutor.execute(HttpCommandExecutor.java:158)
        at org.openqa.selenium.remote.service.DriverCommandExecutor.execute(DriverCommandExecutor.java:83)
        at org.openqa.selenium.remote.RemoteWebDriver.execute(RemoteWebDriver.java:552)
        at org.openqa.selenium.remote.RemoteWebElement.execute(RemoteWebElement.java:285)
        at org.openqa.selenium.remote.RemoteWebElement.click(RemoteWebElement.java:84)
        at Shopping1.myShopping(Shopping1.java:27)
        at sun.reflect.NativeMethodAccessorImpl.invoke0(Native Method)
        at sun.reflect.NativeMethodAccessorImpl.invoke(NativeMethodAccessorImpl.java:62)
        at sun.reflect.DelegatingMethodAccessorImpl.invoke(DelegatingMethodAccessorImpl.java:43)
        at java.lang.reflect.Method.invoke(Method.java:498)
        at org.testng.internal.MethodInvocationHelper.invokeMethod(MethodInvocationHelper.java:133)
        at org.testng.internal.TestInvoker.invokeMethod(TestInvoker.java:598)
        at org.testng.internal.TestInvoker.invokeTestMethod(TestInvoker.java:173)
        at org.testng.internal.MethodRunner.runInSequence(MethodRunner.java:46)
        at org.testng.internal.TestInvoker$MethodInvocationAgent.invoke(TestInvoker.java:824)
        at org.testng.internal.TestInvoker.invokeTestMethods(TestInvoker.java:146)
        at org.testng.internal.TestMethodWorker.invokeTestMethods(TestMethodWorker.java:146)
        at org.testng.internal.TestMethodWorker.run(TestMethodWorker.java:128)
        at java.util.ArrayList.forEach(ArrayList.java:1259)
        at org.testng.TestRunner.privateRun(TestRunner.java:794)
        at org.testng.TestRunner.run(TestRunner.java:596)
        at org.testng.SuiteRunner.runTest(SuiteRunner.java:377)
        at org.testng.SuiteRunner.runSequentially(SuiteRunner.java:371)
        at org.testng.SuiteRunner.privateRun(SuiteRunner.java:332)
        at org.testng.SuiteRunner.run(SuiteRunner.java:276)
        at org.testng.SuiteRunnerWorker.runSuite(SuiteRunnerWorker.java:53)
        at org.testng.SuiteRunnerWorker.run(SuiteRunnerWorker.java:96)
        at org.testng.TestNG.runSuitesSequentially(TestNG.java:1212)
        at org.testng.TestNG.runSuitesLocally(TestNG.java:1134)
        at org.testng.TestNG.runSuites(TestNG.java:1063)
        at org.testng.TestNG.run(TestNG.java:1031)
        at com.intellij.rt.testng.IDEARemoteTestNG.run(IDEARemoteTestNG.java:66)
        at com.intellij.rt.testng.RemoteTestNGStarter.main(RemoteTestNGStarter.java:105)
    </div>
</div>
<p class="totop"><a href="#summary">back to summary</a></p>
<h2 id="m4">Shopping1:checkout2</h2>
<div>
    <div class="stacktrace">org.openqa.selenium.NoSuchElementException: no such element: Unable to locate element: {&quot;method&quot;:&quot;css
        selector&quot;,&quot;selector&quot;:&quot;#shippingoption_1\ &quot;}
        (Session info: chrome=113.0.5672.63)
        For documentation on this error, please visit: https://www.seleniumhq.org/exceptions/no_such_element.html
        Build info: version: &apos;3.141.59&apos;, revision: &apos;e82be7d358&apos;, time: &apos;2018-11-14T08:17:03&apos;
        System info: host: &apos;DESKTOP-CU7PS4P&apos;, ip: &apos;192.168.0.86&apos;, os.name: &apos;Windows 11&apos;,
        os.arch: &apos;amd64&apos;, os.version: &apos;10.0&apos;, java.version: &apos;1.8.0_361&apos;
        Driver info: org.openqa.selenium.chrome.ChromeDriver
        Capabilities {acceptInsecureCerts: false, browserName: chrome, browserVersion: 113.0.5672.63, chrome:
        {chromedriverVersion: 113.0.5672.63 (0e1a4471d5ae..., userDataDir: C:\Users\sidgo\AppData\Loca...},
        goog:chromeOptions: {debuggerAddress: localhost:61515}, javascriptEnabled: true, networkConnectionEnabled:
        false, pageLoadStrategy: normal, platform: WINDOWS, platformName: WINDOWS, proxy: Proxy(), setWindowRect: true,
        strictFileInteractability: false, timeouts: {implicit: 0, pageLoad: 300000, script: 30000},
        unhandledPromptBehavior: dismiss and notify, webauthn:extension:credBlob: true, webauthn:extension:largeBlob:
        true, webauthn:extension:minPinLength: true, webauthn:extension:prf: true, webauthn:virtualAuthenticators: true}
        Session ID: ae76e3c943a667cebb4ed70ee5c2efd6
        *** Element info: {Using=id, value=shippingoption_1 }
        at sun.reflect.NativeConstructorAccessorImpl.newInstance0(Native Method)
        at sun.reflect.NativeConstructorAccessorImpl.newInstance(NativeConstructorAccessorImpl.java:62)
        at sun.reflect.DelegatingConstructorAccessorImpl.newInstance(DelegatingConstructorAccessorImpl.java:45)
        at java.lang.reflect.Constructor.newInstance(Constructor.java:423)
        at org.openqa.selenium.remote.http.W3CHttpResponseCodec.createException(W3CHttpResponseCodec.java:187)
        at org.openqa.selenium.remote.http.W3CHttpResponseCodec.decode(W3CHttpResponseCodec.java:122)
        at org.openqa.selenium.remote.http.W3CHttpResponseCodec.decode(W3CHttpResponseCodec.java:49)
        at org.openqa.selenium.remote.HttpCommandExecutor.execute(HttpCommandExecutor.java:158)
        at org.openqa.selenium.remote.service.DriverCommandExecutor.execute(DriverCommandExecutor.java:83)
        at org.openqa.selenium.remote.RemoteWebDriver.execute(RemoteWebDriver.java:552)
        at org.openqa.selenium.remote.RemoteWebDriver.findElement(RemoteWebDriver.java:323)
        at org.openqa.selenium.remote.RemoteWebDriver.findElementById(RemoteWebDriver.java:372)
        at org.openqa.selenium.By$ById.findElement(By.java:188)
        at org.openqa.selenium.remote.RemoteWebDriver.findElement(RemoteWebDriver.java:315)
        at Shopping1.checkout2(Shopping1.java:73)
        at sun.reflect.NativeMethodAccessorImpl.invoke0(Native Method)
        at sun.reflect.NativeMethodAccessorImpl.invoke(NativeMethodAccessorImpl.java:62)
        at sun.reflect.DelegatingMethodAccessorImpl.invoke(DelegatingMethodAccessorImpl.java:43)
        at java.lang.reflect.Method.invoke(Method.java:498)
        at org.testng.internal.MethodInvocationHelper.invokeMethod(MethodInvocationHelper.java:133)
        at org.testng.internal.TestInvoker.invokeMethod(TestInvoker.java:598)
        at org.testng.internal.TestInvoker.invokeTestMethod(TestInvoker.java:173)
        at org.testng.internal.MethodRunner.runInSequence(MethodRunner.java:46)
        at org.testng.internal.TestInvoker$MethodInvocationAgent.invoke(TestInvoker.java:824)
        at org.testng.internal.TestInvoker.invokeTestMethods(TestInvoker.java:146)
        at org.testng.internal.TestMethodWorker.invokeTestMethods(TestMethodWorker.java:146)
        at org.testng.internal.TestMethodWorker.run(TestMethodWorker.java:128)
        at java.util.ArrayList.forEach(ArrayList.java:1259)
        at org.testng.TestRunner.privateRun(TestRunner.java:794)
        at org.testng.TestRunner.run(TestRunner.java:596)
        at org.testng.SuiteRunner.runTest(SuiteRunner.java:377)
        at org.testng.SuiteRunner.runSequentially(SuiteRunner.java:371)
        at org.testng.SuiteRunner.privateRun(SuiteRunner.java:332)
        at org.testng.SuiteRunner.run(SuiteRunner.java:276)
        at org.testng.SuiteRunnerWorker.runSuite(SuiteRunnerWorker.java:53)
        at org.testng.SuiteRunnerWorker.run(SuiteRunnerWorker.java:96)
        at org.testng.TestNG.runSuitesSequentially(TestNG.java:1212)
        at org.testng.TestNG.runSuitesLocally(TestNG.java:1134)
        at org.testng.TestNG.runSuites(TestNG.java:1063)
        at org.testng.TestNG.run(TestNG.java:1031)
        at com.intellij.rt.testng.IDEARemoteTestNG.run(IDEARemoteTestNG.java:66)
        at com.intellij.rt.testng.RemoteTestNGStarter.main(RemoteTestNGStarter.java:105)
    </div>
</div>
<p class="totop"><a href="#summary">back to summary</a></p>
<h2 id="m5">Shopping1:checkout</h2>
<div>
    <div class="stacktrace">org.openqa.selenium.NoSuchElementException: no such element: Unable to locate element: {&quot;method&quot;:&quot;css
        selector&quot;,&quot;selector&quot;:&quot;.button\-1\ checkout\-as\-guest\-button&quot;}
        (Session info: chrome=113.0.5672.63)
        For documentation on this error, please visit: https://www.seleniumhq.org/exceptions/no_such_element.html
        Build info: version: &apos;3.141.59&apos;, revision: &apos;e82be7d358&apos;, time: &apos;2018-11-14T08:17:03&apos;
        System info: host: &apos;DESKTOP-CU7PS4P&apos;, ip: &apos;192.168.0.86&apos;, os.name: &apos;Windows 11&apos;,
        os.arch: &apos;amd64&apos;, os.version: &apos;10.0&apos;, java.version: &apos;1.8.0_361&apos;
        Driver info: org.openqa.selenium.chrome.ChromeDriver
        Capabilities {acceptInsecureCerts: false, browserName: chrome, browserVersion: 113.0.5672.63, chrome:
        {chromedriverVersion: 113.0.5672.63 (0e1a4471d5ae..., userDataDir: C:\Users\sidgo\AppData\Loca...},
        goog:chromeOptions: {debuggerAddress: localhost:61515}, javascriptEnabled: true, networkConnectionEnabled:
        false, pageLoadStrategy: normal, platform: WINDOWS, platformName: WINDOWS, proxy: Proxy(), setWindowRect: true,
        strictFileInteractability: false, timeouts: {implicit: 0, pageLoad: 300000, script: 30000},
        unhandledPromptBehavior: dismiss and notify, webauthn:extension:credBlob: true, webauthn:extension:largeBlob:
        true, webauthn:extension:minPinLength: true, webauthn:extension:prf: true, webauthn:virtualAuthenticators: true}
        Session ID: ae76e3c943a667cebb4ed70ee5c2efd6
        *** Element info: {Using=class name, value=button-1 checkout-as-guest-button}
        at sun.reflect.NativeConstructorAccessorImpl.newInstance0(Native Method)
        at sun.reflect.NativeConstructorAccessorImpl.newInstance(NativeConstructorAccessorImpl.java:62)
        at sun.reflect.DelegatingConstructorAccessorImpl.newInstance(DelegatingConstructorAccessorImpl.java:45)
        at java.lang.reflect.Constructor.newInstance(Constructor.java:423)
        at org.openqa.selenium.remote.http.W3CHttpResponseCodec.createException(W3CHttpResponseCodec.java:187)
        at org.openqa.selenium.remote.http.W3CHttpResponseCodec.decode(W3CHttpResponseCodec.java:122)
        at org.openqa.selenium.remote.http.W3CHttpResponseCodec.decode(W3CHttpResponseCodec.java:49)
        at org.openqa.selenium.remote.HttpCommandExecutor.execute(HttpCommandExecutor.java:158)
        at org.openqa.selenium.remote.service.DriverCommandExecutor.execute(DriverCommandExecutor.java:83)
        at org.openqa.selenium.remote.RemoteWebDriver.execute(RemoteWebDriver.java:552)
        at org.openqa.selenium.remote.RemoteWebDriver.findElement(RemoteWebDriver.java:323)
        at org.openqa.selenium.remote.RemoteWebDriver.findElementByClassName(RemoteWebDriver.java:412)
        at org.openqa.selenium.By$ByClassName.findElement(By.java:389)
        at org.openqa.selenium.remote.RemoteWebDriver.findElement(RemoteWebDriver.java:315)
        at Shopping1.checkout(Shopping1.java:45)
        at sun.reflect.NativeMethodAccessorImpl.invoke0(Native Method)
        at sun.reflect.NativeMethodAccessorImpl.invoke(NativeMethodAccessorImpl.java:62)
        at sun.reflect.DelegatingMethodAccessorImpl.invoke(DelegatingMethodAccessorImpl.java:43)
        at java.lang.reflect.Method.invoke(Method.java:498)
        at org.testng.internal.MethodInvocationHelper.invokeMethod(MethodInvocationHelper.java:133)
        at org.testng.internal.TestInvoker.invokeMethod(TestInvoker.java:598)
        at org.testng.internal.TestInvoker.invokeTestMethod(TestInvoker.java:173)
        at org.testng.internal.MethodRunner.runInSequence(MethodRunner.java:46)
        at org.testng.internal.TestInvoker$MethodInvocationAgent.invoke(TestInvoker.java:824)
        at org.testng.internal.TestInvoker.invokeTestMethods(TestInvoker.java:146)
        at org.testng.internal.TestMethodWorker.invokeTestMethods(TestMethodWorker.java:146)
        at org.testng.internal.TestMethodWorker.run(TestMethodWorker.java:128)
        at java.util.ArrayList.forEach(ArrayList.java:1259)
        at org.testng.TestRunner.privateRun(TestRunner.java:794)
        at org.testng.TestRunner.run(TestRunner.java:596)
        at org.testng.SuiteRunner.runTest(SuiteRunner.java:377)
        at org.testng.SuiteRunner.runSequentially(SuiteRunner.java:371)
        at org.testng.SuiteRunner.privateRun(SuiteRunner.java:332)
        at org.testng.SuiteRunner.run(SuiteRunner.java:276)
        at org.testng.SuiteRunnerWorker.runSuite(SuiteRunnerWorker.java:53)
        at org.testng.SuiteRunnerWorker.run(SuiteRunnerWorker.java:96)
        at org.testng.TestNG.runSuitesSequentially(TestNG.java:1212)
        at org.testng.TestNG.runSuitesLocally(TestNG.java:1134)
        at org.testng.TestNG.runSuites(TestNG.java:1063)
        at org.testng.TestNG.run(TestNG.java:1031)
        at com.intellij.rt.testng.IDEARemoteTestNG.run(IDEARemoteTestNG.java:66)
        at com.intellij.rt.testng.RemoteTestNGStarter.main(RemoteTestNGStarter.java:105)
    </div>
</div>
<p class="totop"><a href="#summary">back to summary</a></p>
<h2 id="m6">Shopping1:closeBrowser</h2>
<p class="totop"><a href="#summary">back to summary</a></p>
</body>
</html>
